androidApp/build/intermediates/manifest_merge_blame_file/debug/manifest-merger-blame-debug-report.txt
1<?xml version="1.0" encoding="utf-8"?>
2<manifest xmlns:android="http://schemas.android.com/apk/res/android"
3    package="com.mapbox.multiplatformmaps.android"
4    android:versionCode="1"
5    android:versionName="1.0" >
6
7    <uses-sdk
8        android:minSdkVersion="33"
9        android:targetSdkVersion="34" />
10
11    <uses-permission android:name="android.permission.INTERNET" />
11-->src/main/AndroidManifest.xml:4:5-67
11-->src/main/AndroidManifest.xml:4:22-64
12    <!-- TODO: Remove once GL-Native increases their manifest -->
13    <uses-feature
13-->[com.mapbox.maps:base:11.0.0] AndroidManifest.xml:8:5-10:35
14        android:glEsVersion="0x00030000"
14-->[com.mapbox.maps:base:11.0.0] AndroidManifest.xml:9:9-41
15        android:required="true" />
15-->[com.mapbox.maps:base:11.0.0] AndroidManifest.xml:10:9-32
16    <uses-feature
16-->[com.mapbox.maps:android-core:11.0.0] AndroidManifest.xml:13:5-15:36
17        android:name="android.hardware.wifi"
17-->[com.mapbox.maps:android-core:11.0.0] AndroidManifest.xml:14:9-45
18        android:required="false" />
18-->[com.mapbox.maps:android-core:11.0.0] AndroidManifest.xml:15:9-33
19
20    <uses-permission android:name="android.permission.ACCESS_NETWORK_STATE" />
20-->[com.mapbox.maps:android-core:11.0.0] AndroidManifest.xml:18:5-79
20-->[com.mapbox.maps:android-core:11.0.0] AndroidManifest.xml:18:22-76
21    <uses-permission android:name="android.permission.ACCESS_WIFI_STATE" />
21-->[com.mapbox.maps:android-core:11.0.0] AndroidManifest.xml:19:5-76
21-->[com.mapbox.maps:android-core:11.0.0] AndroidManifest.xml:19:22-73
22
23    <permission
23-->[androidx.core:core:1.10.0] AndroidManifest.xml:22:5-24:47
24        android:name="com.mapbox.multiplatformmaps.android.DYNAMIC_RECEIVER_NOT_EXPORTED_PERMISSION"
24-->[androidx.core:core:1.10.0] AndroidManifest.xml:23:9-81
25        android:protectionLevel="signature" />
25-->[androidx.core:core:1.10.0] AndroidManifest.xml:24:9-44
26
27    <uses-permission android:name="com.mapbox.multiplatformmaps.android.DYNAMIC_RECEIVER_NOT_EXPORTED_PERMISSION" />
27-->[androidx.core:core:1.10.0] AndroidManifest.xml:26:5-97
27-->[androidx.core:core:1.10.0] AndroidManifest.xml:26:22-94
28
29    <application
29-->src/main/AndroidManifest.xml:6:5-18:19
30        android:allowBackup="false"
30-->src/main/AndroidManifest.xml:7:9-36
31        android:appComponentFactory="androidx.core.app.CoreComponentFactory"
31-->[androidx.core:core:1.10.0] AndroidManifest.xml:28:18-86
32        android:debuggable="true"
33        android:extractNativeLibs="false"
34        android:supportsRtl="true"
34-->src/main/AndroidManifest.xml:8:9-35
35        android:testOnly="true"
36        android:theme="@style/AppTheme" >
36-->src/main/AndroidManifest.xml:9:9-40
37        <activity
37-->src/main/AndroidManifest.xml:10:9-17:20
38            android:name="com.mapbox.multiplatformmaps.android.MainActivity"
38-->src/main/AndroidManifest.xml:11:13-41
39            android:exported="true" >
39-->src/main/AndroidManifest.xml:12:13-36
40            <intent-filter>
40-->src/main/AndroidManifest.xml:13:13-16:29
41                <action android:name="android.intent.action.MAIN" />
41-->src/main/AndroidManifest.xml:14:17-69
41-->src/main/AndroidManifest.xml:14:25-66
42
43                <category android:name="android.intent.category.LAUNCHER" />
43-->src/main/AndroidManifest.xml:15:17-77
43-->src/main/AndroidManifest.xml:15:27-74
44            </intent-filter>
45        </activity>
46        <activity
46-->[androidx.compose.ui:ui-tooling-android:1.5.4] AndroidManifest.xml:23:9-25:39
47            android:name="androidx.compose.ui.tooling.PreviewActivity"
47-->[androidx.compose.ui:ui-tooling-android:1.5.4] AndroidManifest.xml:24:13-71
48            android:exported="true" />
48-->[androidx.compose.ui:ui-tooling-android:1.5.4] AndroidManifest.xml:25:13-36
49
50        <provider
50-->[androidx.emoji2:emoji2:1.4.0] AndroidManifest.xml:24:9-32:20
51            android:name="androidx.startup.InitializationProvider"
51-->[androidx.emoji2:emoji2:1.4.0] AndroidManifest.xml:25:13-67
52            android:authorities="com.mapbox.multiplatformmaps.android.androidx-startup"
52-->[androidx.emoji2:emoji2:1.4.0] AndroidManifest.xml:26:13-68
53            android:exported="false" >
53-->[androidx.emoji2:emoji2:1.4.0] AndroidManifest.xml:27:13-37
54            <meta-data
54-->[androidx.emoji2:emoji2:1.4.0] AndroidManifest.xml:29:13-31:52
55                android:name="androidx.emoji2.text.EmojiCompatInitializer"
55-->[androidx.emoji2:emoji2:1.4.0] AndroidManifest.xml:30:17-75
56                android:value="androidx.startup" />
56-->[androidx.emoji2:emoji2:1.4.0] AndroidManifest.xml:31:17-49
57            <meta-data
57-->[androidx.lifecycle:lifecycle-process:2.6.1] AndroidManifest.xml:29:13-31:52
58                android:name="androidx.lifecycle.ProcessLifecycleInitializer"
58-->[androidx.lifecycle:lifecycle-process:2.6.1] AndroidManifest.xml:30:17-78
59                android:value="androidx.startup" />
59-->[androidx.lifecycle:lifecycle-process:2.6.1] AndroidManifest.xml:31:17-49
60            <meta-data
60-->[com.mapbox.maps:android-core:11.0.0] AndroidManifest.xml:27:13-29:52
61                android:name="com.mapbox.maps.loader.MapboxMapsInitializer"
61-->[com.mapbox.maps:android-core:11.0.0] AndroidManifest.xml:28:17-76
62                android:value="androidx.startup" /> <!-- This entry makes MapboxSDKCommonInitializer discoverable. -->
62-->[com.mapbox.maps:android-core:11.0.0] AndroidManifest.xml:29:17-49
63            <meta-data
63-->[com.mapbox.common:common:24.0.0] AndroidManifest.xml:19:13-21:52
64                android:name="com.mapbox.common.MapboxSDKCommonInitializer"
64-->[com.mapbox.common:common:24.0.0] AndroidManifest.xml:20:17-76
65                android:value="androidx.startup" />
65-->[com.mapbox.common:common:24.0.0] AndroidManifest.xml:21:17-49
66            <meta-data
66-->[androidx.profileinstaller:profileinstaller:1.3.0] AndroidManifest.xml:29:13-31:52
67                android:name="androidx.profileinstaller.ProfileInstallerInitializer"
67-->[androidx.profileinstaller:profileinstaller:1.3.0] AndroidManifest.xml:30:17-85
68                android:value="androidx.startup" />
68-->[androidx.profileinstaller:profileinstaller:1.3.0] AndroidManifest.xml:31:17-49
69        </provider>
70
71        <receiver
71-->[com.mapbox.common:common:24.0.0] AndroidManifest.xml:24:9-31:20
72            android:name="com.mapbox.common.location.LocationUpdatesReceiver"
72-->[com.mapbox.common:common:24.0.0] AndroidManifest.xml:25:13-78
73            android:enabled="true"
73-->[com.mapbox.common:common:24.0.0] AndroidManifest.xml:26:13-35
74            android:exported="false" >
74-->[com.mapbox.common:common:24.0.0] AndroidManifest.xml:27:13-37
75            <intent-filter>
75-->[com.mapbox.common:common:24.0.0] AndroidManifest.xml:28:13-30:29
76                <action android:name="com.mapbox.common.location.LocationUpdatesReceiver.ACTION_PROCESS_LOCATION_UPDATES" />
76-->[com.mapbox.common:common:24.0.0] AndroidManifest.xml:29:17-125
76-->[com.mapbox.common:common:24.0.0] AndroidManifest.xml:29:25-122
77            </intent-filter>
78        </receiver>
79
80        <service
80-->[com.mapbox.common:common:24.0.0] AndroidManifest.xml:33:9-35:40
81            android:name="com.mapbox.common.LifecycleService"
81-->[com.mapbox.common:common:24.0.0] AndroidManifest.xml:34:13-62
82            android:exported="false" />
82-->[com.mapbox.common:common:24.0.0] AndroidManifest.xml:35:13-37
83
84        <receiver
84-->[androidx.profileinstaller:profileinstaller:1.3.0] AndroidManifest.xml:34:9-52:20
85            android:name="androidx.profileinstaller.ProfileInstallReceiver"
85-->[androidx.profileinstaller:profileinstaller:1.3.0] AndroidManifest.xml:35:13-76
86            android:directBootAware="false"
86-->[androidx.profileinstaller:profileinstaller:1.3.0] AndroidManifest.xml:36:13-44
87            android:enabled="true"
87-->[androidx.profileinstaller:profileinstaller:1.3.0] AndroidManifest.xml:37:13-35
88            android:exported="true"
88-->[androidx.profileinstaller:profileinstaller:1.3.0] AndroidManifest.xml:38:13-36
89            android:permission="android.permission.DUMP" >
89-->[androidx.profileinstaller:profileinstaller:1.3.0] AndroidManifest.xml:39:13-57
90            <intent-filter>
90-->[androidx.profileinstaller:profileinstaller:1.3.0] AndroidManifest.xml:40:13-42:29
91                <action android:name="androidx.profileinstaller.action.INSTALL_PROFILE" />
91-->[androidx.profileinstaller:profileinstaller:1.3.0] AndroidManifest.xml:41:17-91
91-->[androidx.profileinstaller:profileinstaller:1.3.0] AndroidManifest.xml:41:25-88
92            </intent-filter>
93            <intent-filter>
93-->[androidx.profileinstaller:profileinstaller:1.3.0] AndroidManifest.xml:43:13-45:29
94                <action android:name="androidx.profileinstaller.action.SKIP_FILE" />
94-->[androidx.profileinstaller:profileinstaller:1.3.0] AndroidManifest.xml:44:17-85
94-->[androidx.profileinstaller:profileinstaller:1.3.0] AndroidManifest.xml:44:25-82
95            </intent-filter>
96            <intent-filter>
96-->[androidx.profileinstaller:profileinstaller:1.3.0] AndroidManifest.xml:46:13-48:29
97                <action android:name="androidx.profileinstaller.action.SAVE_PROFILE" />
97-->[androidx.profileinstaller:profileinstaller:1.3.0] AndroidManifest.xml:47:17-88
97-->[androidx.profileinstaller:profileinstaller:1.3.0] AndroidManifest.xml:47:25-85
98            </intent-filter>
99            <intent-filter>
99-->[androidx.profileinstaller:profileinstaller:1.3.0] AndroidManifest.xml:49:13-51:29
100                <action android:name="androidx.profileinstaller.action.BENCHMARK_OPERATION" />
100-->[androidx.profileinstaller:profileinstaller:1.3.0] AndroidManifest.xml:50:17-95
100-->[androidx.profileinstaller:profileinstaller:1.3.0] AndroidManifest.xml:50:25-92
101            </intent-filter>
102        </receiver>
103    </application>
104
105</manifest>